[2025-04-15 14:31:01] [INFO   ] Đăng nhập thành công!
[2025-04-15 14:31:01] [INFO   ] Đã thiết lập các listener
[2025-04-15 14:31:09] [INFO   ] Đăng nhập thành công!
[2025-04-15 14:31:09] [INFO   ] Đã thiết lập các listener
[2025-04-15 14:31:09] [INFO   ] Đã tải xong tất cả các lệnh
[2025-04-15 14:32:01] [INFO   ] Đăng nhập thành công!
[2025-04-15 14:32:01] [INFO   ] Đã thiết lập các listener
[2025-04-15 14:32:01] [INFO   ] Đã tải xong tất cả các lệnh
[2025-04-15 14:32:26] [INFO   ] Đăng nhập thành công!
[2025-04-15 14:32:26] [INFO   ] Đã thiết lập các listener
[2025-04-15 14:32:26] [INFO   ] Đã tải xong tất cả các lệnh
[2025-04-15 14:32:37] [INFO   ] Đăng nhập thành công!
[2025-04-15 14:32:37] [INFO   ] Đã thiết lập các listener
[2025-04-15 14:32:37] [INFO   ] Đã tải xong tất cả các lệnh
[2025-04-15 14:35:52] [INFO   ] Đăng nhập thành công!
[2025-04-15 14:35:52] [INFO   ] Đã thiết lập các listener
[2025-04-15 14:35:52] [INFO   ] Đã tải xong tất cả các lệnh
[2025-04-15 14:36:23] [INFO   ] Đăng nhập thành công!
[2025-04-15 14:36:23] [INFO   ] Đã thiết lập các listener
[2025-04-15 14:36:23] [INFO   ] Đã tải xong tất cả các lệnh
[2025-04-15 14:36:43] [INFO   ] Đăng nhập thành công!
[2025-04-15 14:36:43] [INFO   ] Đã thiết lập các listener
[2025-04-15 14:36:43] [INFO   ] Đã tải xong tất cả các lệnh
[2025-04-15 14:36:57] [INFO   ] Đăng nhập thành công!
[2025-04-15 14:36:57] [INFO   ] Đã thiết lập các listener
[2025-04-15 14:36:57] [INFO   ] Đã tải xong tất cả các lệnh
[2025-04-15 14:37:15] [INFO   ] Đăng nhập thành công!
[2025-04-15 14:37:15] [INFO   ] Đã thiết lập các listener
[2025-04-15 14:37:15] [INFO   ] Đã tải xong tất cả các lệnh
[2025-04-15 14:38:39] [INFO   ] Đăng nhập thành công!
[2025-04-15 14:38:39] [INFO   ] Đã thiết lập các listener
[2025-04-15 14:38:39] [INFO   ] Đã tải xong tất cả các lệnh
[2025-04-15 14:39:17] [INFO   ] Đăng nhập thành công!
[2025-04-15 14:39:17] [INFO   ] Đã thiết lập các listener
[2025-04-15 14:39:18] [INFO   ] Đã tải xong tất cả các lệnh
[2025-04-15 14:44:58] [INFO   ] Đăng nhập thành công!
[2025-04-15 14:44:58] [INFO   ] Đã thiết lập các listener
[2025-04-15 14:44:58] [INFO   ] Đã tải xong tất cả các lệnh
[2025-04-15 14:45:36] [INFO   ] Đăng nhập thành công!
[2025-04-15 14:45:36] [INFO   ] Đã thiết lập các listener
[2025-04-15 14:45:36] [INFO   ] Đã tải xong tất cả các lệnh
[2025-04-15 14:45:57] [INFO   ] Đăng nhập thành công!
[2025-04-15 14:45:57] [INFO   ] Đã thiết lập các listener
[2025-04-15 14:45:57] [INFO   ] Đã tải xong tất cả các lệnh
[2025-04-15 14:46:08] [INFO   ] Đăng nhập thành công!
[2025-04-15 14:46:08] [INFO   ] Đã thiết lập các listener
[2025-04-15 14:46:08] [INFO   ] Đã tải xong tất cả các lệnh
[2025-04-15 14:46:24] [INFO   ] Đăng nhập thành công!
[2025-04-15 14:46:24] [INFO   ] Đã thiết lập các listener
[2025-04-15 14:46:24] [INFO   ] Đã tải xong tất cả các lệnh
[2025-04-15 14:46:44] [INFO   ] Đăng nhập thành công!
[2025-04-15 14:46:44] [INFO   ] Đã thiết lập các listener
[2025-04-15 14:46:44] [INFO   ] Đã tải xong tất cả các lệnh
[2025-04-15 14:46:54] [INFO   ] Đăng nhập thành công!
[2025-04-15 14:46:54] [INFO   ] Đã thiết lập các listener
[2025-04-15 14:46:54] [INFO   ] Đã tải xong tất cả các lệnh
[2025-04-15 14:48:11] [INFO   ] Đăng nhập thành công!
[2025-04-15 14:48:11] [INFO   ] Đã thiết lập các listener
[2025-04-15 14:48:11] [INFO   ] Đã tải xong tất cả các lệnh
[2025-04-15 14:48:24] [INFO   ] Đăng nhập thành công!
[2025-04-15 14:48:24] [INFO   ] Đã thiết lập các listener
[2025-04-15 14:48:24] [INFO   ] Đã tải xong tất cả các lệnh
[2025-04-15 14:48:33] [INFO   ] Đăng nhập thành công!
[2025-04-15 14:48:33] [INFO   ] Đã thiết lập các listener
[2025-04-15 14:48:33] [INFO   ] Đã tải xong tất cả các lệnh
[2025-04-15 14:50:30] [INFO   ] Đăng nhập thành công!
[2025-04-15 14:50:30] [INFO   ] Đã thiết lập các listener
[2025-04-15 14:50:30] [INFO   ] Đã tải xong tất cả các lệnh
[2025-04-15 14:50:48] [INFO   ] Đăng nhập thành công!
[2025-04-15 14:50:48] [INFO   ] Đã thiết lập các listener
[2025-04-15 14:50:48] [INFO   ] Đã tải xong tất cả các lệnh
[2025-04-15 14:51:29] [INFO   ] Đăng nhập thành công!
[2025-04-15 14:51:29] [INFO   ] Đã thiết lập các listener
[2025-04-15 14:51:29] [INFO   ] Đã tải xong tất cả các lệnh
[2025-04-15 14:52:27] [INFO   ] Đăng nhập thành công!
[2025-04-15 14:52:27] [INFO   ] Đã thiết lập các listener
[2025-04-15 14:52:27] [INFO   ] Đã tải xong tất cả các lệnh
[2025-04-15 14:58:54] [INFO   ] Đăng nhập thành công!
[2025-04-15 14:58:54] [INFO   ] Đã thiết lập các listener
[2025-04-15 14:58:54] [INFO   ] Đã tải xong tất cả các lệnh
[2025-04-15 14:59:32] [INFO   ] Đăng nhập thành công!
[2025-04-15 14:59:32] [INFO   ] Đã thiết lập các listener
[2025-04-15 14:59:32] [INFO   ] Đã tải xong tất cả các lệnh
[2025-04-15 14:59:48] [INFO   ] Đăng nhập thành công!
[2025-04-15 14:59:48] [INFO   ] Đã thiết lập các listener
[2025-04-15 14:59:48] [INFO   ] Đã tải xong tất cả các lệnh
[2025-04-15 14:59:52] [INFO   ] Đăng nhập thành công!
[2025-04-15 14:59:52] [INFO   ] Đã thiết lập các listener
[2025-04-15 14:59:52] [INFO   ] Đã tải xong tất cả các lệnh
[2025-04-15 15:00:10] [INFO   ] Đăng nhập thành công!
[2025-04-15 15:00:10] [INFO   ] Đã thiết lập các listener
[2025-04-15 15:00:10] [INFO   ] Đã tải xong tất cả các lệnh
[2025-04-15 15:02:57] [INFO   ] Đăng nhập thành công!
[2025-04-15 15:02:57] [INFO   ] Đã thiết lập các listener
[2025-04-15 15:02:57] [INFO   ] Đã tải xong tất cả các lệnh
[2025-04-15 15:03:19] [INFO   ] Đăng nhập thành công!
[2025-04-15 15:03:19] [INFO   ] Đã thiết lập các listener
[2025-04-15 15:03:19] [INFO   ] Đã tải xong tất cả các lệnh
[2025-04-15 15:04:21] [INFO   ] Đăng nhập thành công!
[2025-04-15 15:04:21] [INFO   ] Đã thiết lập các listener
[2025-04-15 15:04:22] [INFO   ] Đã tải xong tất cả các lệnh
[2025-04-1515:06:57.] [INFO   ] Đăng nhập thành công!
[2025-04-1515:06:57.] [INFO   ] Đã thiết lập các listener
[2025-04-1515:06:57.] [INFO   ] Đã tải xong tất cả các lệnh
[2025-04-15 15:07:35] [INFO   ] Đăng nhập thành công!
[2025-04-15 15:07:35] [INFO   ] Đã thiết lập các listener
[2025-04-15 15:07:35] [INFO   ] Đã tải xong tất cả các lệnh
[2025-04-15 15:09:37][INFO   ]Đăng nhập thành công!
[2025-04-15 15:09:37][INFO   ]Đã thiết lập các listener
[2025-04-15 15:09:37][INFO   ]Đã tải xong tất cả các lệnh
[2025-04-15 15:09:44] [INFO   ] Đăng nhập thành công!
[2025-04-15 15:09:44] [INFO   ] Đã thiết lập các listener
[2025-04-15 15:09:44] [INFO   ] Đã tải xong tất cả các lệnh
[2025-04-15 15:11:38] [ INFO   ] Đăng nhập thành công!
[2025-04-15 15:11:38] [ INFO   ] Đã thiết lập các listener
[2025-04-15 15:11:38] [ INFO   ] Đã tải xong tất cả các lệnh
[2025-04-15 15:12:01] [ INFO] Đăng nhập thành công!
[2025-04-15 15:12:01] [ INFO] Đã thiết lập các listener
[2025-04-15 15:12:01] [ INFO] Đã tải xong tất cả các lệnh
[2025-04-15 15:12:09] [INFO] Đăng nhập thành công!
[2025-04-15 15:12:09] [INFO] Đã thiết lập các listener
[2025-04-15 15:12:09] [INFO] Đã tải xong tất cả các lệnh
[2025-04-15 15:12:19] [ INFO ] Đăng nhập thành công!
[2025-04-15 15:12:19] [ INFO ] Đã thiết lập các listener
[2025-04-15 15:12:19] [ INFO ] Đã tải xong tất cả các lệnh
[2025-04-15 15:24:28] [ INFO ] Đăng nhập thành công!
[2025-04-15 15:24:28] [ INFO ] Đã thiết lập các listener
[2025-04-15 15:24:28] [ INFO ] Đã tải xong tất cả các lệnh
[2025-04-15 15:24:52] [ INFO ] Đăng nhập thành công!
[2025-04-15 15:24:52] [ INFO ] Đã thiết lập các listener
[2025-04-15 15:24:52] [ INFO ] Đã tải xong tất cả các lệnh
[2025-04-15 15:25:16] [ INFO ] Đăng nhập thành công!
[2025-04-15 15:25:16] [ INFO ] Đã thiết lập các listener
[2025-04-15 15:25:16] [ INFO ] Đã tải xong tất cả các lệnh
[2025-04-15 15:26:34] [ INFO ] Đăng nhập thành công!
[2025-04-15 15:26:34] [ INFO ] Đã thiết lập các listener
[2025-04-15 15:26:34] [ INFO ] Đã tải xong tất cả các lệnh
[2025-04-15 15:26:57] [ INFO ] Đăng nhập thành công!
[2025-04-15 15:26:57] [ INFO ] Đã thiết lập các listener
[2025-04-15 15:26:57] [ INFO ] Đã tải xong tất cả các lệnh
[2025-04-15 15:27:05] [ INFO ] Đăng nhập thành công!
[2025-04-15 15:27:05] [ INFO ] Đã thiết lập các listener
[2025-04-15 15:27:05] [ INFO ] Đã tải xong tất cả các lệnh
[2025-04-15 15:27:19] [ INFO ] Đăng nhập thành công!
[2025-04-15 15:27:19] [ INFO ] Đã thiết lập các listener
[2025-04-15 15:27:19] [ INFO ] Đã tải xong tất cả các lệnh
[2025-04-15 15:32:13] [ INFO ] Đăng nhập thành công!
[2025-04-15 15:32:13] [ INFO ] Đã thiết lập các listener
[2025-04-15 15:32:13] [ INFO ] Đã tải xong tất cả các lệnh
[2025-04-15 15:32:18] [ INFO ] Đăng nhập thành công!
[2025-04-15 15:32:18] [ INFO ] Đã thiết lập các listener
[2025-04-15 15:32:18] [ INFO ] Đã tải xong tất cả các lệnh
[2025-04-15 15:32:51] [ INFO ] Đăng nhập thành công!
[2025-04-15 15:32:51] [ INFO ] Đã thiết lập các listener
[2025-04-15 15:32:51] [ INFO ] Đã tải xong tất cả các lệnh
[2025-04-15 15:44:39] [ INFO ] Đăng nhập thành công!
[2025-04-15 15:44:39] [ INFO ] Đã thiết lập các listener
[2025-04-15 15:44:40] [ INFO ] Đã tải xong tất cả các lệnh
[2025-04-15 15:45:07] [ ERROR ] Lỗi khi khởi động bot:
[2025-04-15 15:45:19] [ INFO ] Đăng nhập thành công!
[2025-04-15 15:45:19] [ INFO ] Đã thiết lập các listener
[2025-04-15 15:45:19] [ INFO ] Đã tải xong tất cả các lệnh
[2025-04-15 15:45:55] [ INFO ] Đăng nhập thành công!
[2025-04-15 15:45:55] [ INFO ] Đã thiết lập các listener
[2025-04-15 15:45:55] [ INFO ] Đã tải xong tất cả các lệnh
[2025-04-15 15:46:09] [ INFO ] Đăng nhập thành công!
[2025-04-15 15:46:09] [ INFO ] Đã thiết lập các listener
[2025-04-15 15:46:09] [ INFO ] Đã tải xong tất cả các lệnh
[2025-04-15 15:49:37] [ INFO ] Đăng nhập thành công!
[2025-04-15 15:49:37] [ INFO ] Đã thiết lập các listener
[2025-04-15 15:49:37] [ INFO ] Đã tải xong tất cả các lệnh
[2025-04-15 15:50:05] [ INFO ] Đăng nhập thành công!
[2025-04-15 15:50:05] [ INFO ] Đã thiết lập các listener
[2025-04-15 15:50:05] [ INFO ] Đã tải xong tất cả các lệnh
[2025-04-15 15:51:10] [ INFO ] Đăng nhập thành công!
[2025-04-15 15:51:10] [ INFO ] Đã thiết lập các listener
[2025-04-15 15:51:10] [ INFO ] Đã tải xong tất cả các lệnh
[2025-04-15 15:51:17] [ INFO ] Đăng nhập thành công!
[2025-04-15 15:51:17] [ INFO ] Đã thiết lập các listener
[2025-04-15 15:51:17] [ INFO ] Đã tải xong tất cả các lệnh
[2025-04-15 15:51:28] [ INFO ] Đăng nhập thành công!
[2025-04-15 15:51:28] [ INFO ] Đã thiết lập các listener
[2025-04-15 15:51:28] [ INFO ] Đã tải xong tất cả các lệnh
[2025-04-15 15:52:02] [ INFO ] Đăng nhập thành công!
[2025-04-15 15:52:02] [ INFO ] Đã thiết lập các listener
[2025-04-15 15:52:02] [ INFO ] Đã tải xong tất cả các lệnh
[2025-04-15 15:52:09] [ INFO ] Đăng nhập thành công!
[2025-04-15 15:52:09] [ INFO ] Đã thiết lập các listener
[2025-04-15 15:52:10] [ INFO ] Đã tải xong tất cả các lệnh
[2025-04-15 15:52:16] [ INFO ] Đăng nhập thành công!
[2025-04-15 15:52:16] [ INFO ] Đã thiết lập các listener
[2025-04-15 15:52:16] [ INFO ] Đã tải xong tất cả các lệnh
[2025-04-15 15:52:47] [ INFO ] Đăng nhập thành công!
[2025-04-15 15:52:47] [ INFO ] Đã thiết lập các listener
[2025-04-15 15:52:47] [ INFO ] Đã tải xong tất cả các lệnh
[2025-04-15 15:52:51] [ INFO ] Đăng nhập thành công!
[2025-04-15 15:52:51] [ INFO ] Đã thiết lập các listener
[2025-04-15 15:52:51] [ INFO ] Đã tải xong tất cả các lệnh
[2025-04-15 15:53:04] [ INFO ] Đăng nhập thành công!
[2025-04-15 15:53:04] [ INFO ] Đã thiết lập các listener
[2025-04-15 15:53:04] [ INFO ] Đã tải xong tất cả các lệnh
[2025-04-15 15:53:37] [ INFO ] Đăng nhập thành công!
[2025-04-15 15:53:37] [ INFO ] Đã thiết lập các listener
[2025-04-15 15:53:37] [ INFO ] Đã tải xong tất cả các lệnh
[2025-04-15 15:53:55] [ INFO ] Đăng nhập thành công!
[2025-04-15 15:53:55] [ INFO ] Đã thiết lập các listener
[2025-04-15 15:53:55] [ INFO ] Đã tải xong tất cả các lệnh
[2025-04-15 15:54:52] [ INFO ] Đăng nhập thành công!
[2025-04-15 15:54:52] [ INFO ] Đã thiết lập các listener
[2025-04-15 15:54:52] [ INFO ] Đã tải xong tất cả các lệnh
[2025-04-15 15:55:12] [ INFO ] Đăng nhập thành công!
[2025-04-15 15:55:12] [ INFO ] Đã thiết lập các listener
[2025-04-15 15:55:12] [ INFO ] Đã tải xong tất cả các lệnh
[2025-04-15 15:55:51] [ INFO ] Đăng nhập thành công!
[2025-04-15 15:55:51] [ INFO ] Đã thiết lập các listener
[2025-04-15 15:55:51] [ INFO ] Đã tải xong tất cả các lệnh
[2025-04-15 15:55:54] [ INFO ] Đăng nhập thành công!
[2025-04-15 15:55:54] [ INFO ] Đã thiết lập các listener
[2025-04-15 15:55:54] [ INFO ] Đã tải xong tất cả các lệnh
[2025-04-15 15:56:09] [ INFO ] Đăng nhập thành công!
[2025-04-15 15:56:09] [ INFO ] Đã thiết lập các listener
[2025-04-15 15:56:09] [ INFO ] Đã tải xong tất cả các lệnh
[2025-04-15 16:03:14] [ INFO ] Đăng nhập thành công!
[2025-04-15 16:03:14] [ INFO ] Đã thiết lập các listener
[2025-04-15 16:03:14] [ INFO ] Đã tải xong tất cả các lệnh
[2025-04-15 16:03:32] [ INFO ] Đăng nhập thành công!
[2025-04-15 16:03:32] [ INFO ] Đã thiết lập các listener
[2025-04-15 16:03:32] [ INFO ] Đã tải xong tất cả các lệnh
[2025-04-15 16:06:02] [ INFO ] Đăng nhập thành công!
[2025-04-15 16:06:02] [ INFO ] Đã thiết lập các listener
[2025-04-15 16:06:02] [ INFO ] Đã tải xong tất cả các lệnh
[2025-04-15 16:06:39] [ INFO ] Đăng nhập thành công!
[2025-04-15 16:06:39] [ INFO ] Đã thiết lập các listener
[2025-04-15 16:06:39] [ INFO ] Đã tải xong tất cả các lệnh
[2025-04-15 16:07:10] [ INFO ] Đăng nhập thành công!
[2025-04-15 16:07:10] [ INFO ] Đã thiết lập các listener
[2025-04-15 16:07:10] [ INFO ] Đã tải xong tất cả các lệnh
[2025-04-15 16:07:20] [ INFO ] Đăng nhập thành công!
[2025-04-15 16:07:20] [ INFO ] Đã thiết lập các listener
[2025-04-15 16:07:20] [ INFO ] Đã tải xong tất cả các lệnh
[2025-04-15 16:07:23] [ INFO ] Đăng nhập thành công!
[2025-04-15 16:07:23] [ INFO ] Đã thiết lập các listener
[2025-04-15 16:07:23] [ INFO ] Đã tải xong tất cả các lệnh
[2025-04-16 03:47:45] [ INFO ] Đăng nhập thành công!
[2025-04-16 03:47:45] [ INFO ] Đã thiết lập các listener
[2025-04-16 03:47:45] [ INFO ] Đã tải xong tất cả các lệnh
[2025-04-16 03:50:23] [ INFO ] Đăng nhập thành công!
[2025-04-16 03:50:23] [ INFO ] Đã thiết lập các listener
[2025-04-16 03:50:24] [ INFO ] Đã tải xong tất cả các lệnh
[2025-04-16 03:52:15] [ INFO ] Đăng nhập thành công!
[2025-04-16 03:52:15] [ INFO ] Đã thiết lập các listener
[2025-04-16 03:52:15] [ INFO ] Đã tải xong tất cả các lệnh
[2025-04-16 03:57:44] [ INFO ] Đăng nhập thành công!
[2025-04-16 03:57:44] [ INFO ] Đã thiết lập các listener
[2025-04-16 03:57:44] [ INFO ] Đã tải thành công 1 lệnh!
[2025-04-16 03:58:36] [ INFO ] Đăng nhập thành công!
[2025-04-16 03:58:36] [ INFO ] Đã thiết lập các listener
[2025-04-16 03:58:36] [ INFO ] Đã tải thành công 1 lệnh!
[2025-04-16 04:01:40] [ INFO ] Đăng nhập thành công!
[2025-04-16 04:01:40] [ INFO ] Đã thiết lập các listener
[2025-04-16 04:01:40] [ INFO ] Đã tải thành công 1 lệnh!
[2025-04-16 04:01:55] [ INFO ] Đăng nhập thành công!
[2025-04-16 04:01:55] [ INFO ] Đã thiết lập các listener
[2025-04-16 04:01:55] [ INFO ] Đã tải thành công 1 lệnh!
[2025-04-16 04:01:59] [ INFO ] Đăng nhập thành công!
[2025-04-16 04:01:59] [ INFO ] Đã thiết lập các listener
[2025-04-16 04:01:59] [ INFO ] Đã tải thành công 1 lệnh!
[2025-04-16 04:02:32] [ INFO ] Đăng nhập thành công!
[2025-04-16 04:02:32] [ INFO ] Đã thiết lập các listener
[2025-04-16 04:02:32] [ INFO ] Đã tải thành công 1 lệnh!
[2025-04-16 04:02:35] [ INFO ] Đăng nhập thành công!
[2025-04-16 04:02:35] [ INFO ] Đã thiết lập các listener
[2025-04-16 04:02:35] [ INFO ] Đã tải thành công 1 lệnh!
[2025-04-16 04:02:57] [ INFO ] Đăng nhập thành công!
[2025-04-16 04:02:57] [ INFO ] Đã thiết lập các listener
[2025-04-16 04:02:57] [ INFO ] Đã tải thành công 1 lệnh!
[2025-04-16 04:05:45] [ INFO ] Đăng nhập thành công!
[2025-04-16 04:05:45] [ INFO ] Đã thiết lập các listener
[2025-04-16 04:05:45] [ INFO ] Đã tải thành công 1 lệnh!
[2025-04-16 04:07:27] [ INFO ] Đăng nhập thành công!
[2025-04-16 04:07:27] [ INFO ] Đã thiết lập các listener
[2025-04-16 04:07:27] [ INFO ] Đã tải thành công 1 lệnh!
[2025-04-16 04:28:03] [ INFO ] Đăng nhập thành công!
[2025-04-16 04:28:03] [ INFO ] Đã thiết lập các listener
[2025-04-16 04:28:03] [ INFO ] Đã tải thành công 1 lệnh!
[2025-04-16 04:29:40] [ INFO ] Đăng nhập thành công!
[2025-04-16 04:29:40] [ INFO ] Đã thiết lập các listener
[2025-04-16 04:29:40] [ INFO ] Đã tải thành công 1 lệnh!
[2025-04-16 04:29:52] [ INFO ] Đăng nhập thành công!
[2025-04-16 04:29:52] [ INFO ] Đã thiết lập các listener
[2025-04-16 04:29:52] [ INFO ] Đã tải thành công 1 lệnh!
[2025-04-16 04:30:10] [ INFO ] Đăng nhập thành công!
[2025-04-16 04:30:10] [ INFO ] Đã thiết lập các listener
[2025-04-16 04:30:10] [ INFO ] Đã tải thành công 1 lệnh!
[2025-04-16 04:30:39] [ INFO ] Đăng nhập thành công!
[2025-04-16 04:30:39] [ INFO ] Đã thiết lập các listener
[2025-04-16 04:30:39] [ INFO ] Đã tải thành công 1 lệnh!
[2025-04-16 04:30:43] [ INFO ] Đăng nhập thành công!
[2025-04-16 04:30:43] [ INFO ] Đã thiết lập các listener
[2025-04-16 04:30:43] [ INFO ] Đã tải thành công 1 lệnh!
[2025-04-16 04:31:33] [ INFO ] Đăng nhập thành công!
[2025-04-16 04:31:33] [ INFO ] Đã thiết lập các listener
[2025-04-16 04:31:33] [ INFO ] Đã tải thành công 1 lệnh!
[2025-04-16 04:32:13] [ INFO ] Đăng nhập thành công!
[2025-04-16 04:32:13] [ INFO ] Đã thiết lập các listener
[2025-04-16 04:32:13] [ INFO ] Đã tải thành công 1 lệnh!
[2025-04-16 04:32:24] [ INFO ] Đăng nhập thành công!
[2025-04-16 04:32:24] [ INFO ] Đã thiết lập các listener
[2025-04-16 04:32:24] [ INFO ] Đã tải thành công 1 lệnh!
[2025-04-16 04:33:13] [ INFO ] Đăng nhập thành công!
[2025-04-16 04:33:13] [ INFO ] Đã thiết lập các listener
[2025-04-16 04:33:13] [ INFO ] Đã tải thành công 1 lệnh!
[2025-04-16 05:48:50] [ INFO ] Đăng nhập thành công!
[2025-04-16 05:48:50] [ INFO ] Đã thiết lập các listener
[2025-04-16 05:48:50] [ INFO ] Đã tải thành công 1 lệnh!
[2025-04-16 05:52:08] [ INFO ] Đăng nhập thành công!
[2025-04-16 05:52:08] [ INFO ] Đã thiết lập các listener
[2025-04-16 05:52:09] [ INFO ] Đã tải thành công 1 lệnh!
[2025-04-16 05:52:33] [ INFO ] Đăng nhập thành công!
[2025-04-16 05:52:33] [ INFO ] Đã thiết lập các listener
[2025-04-16 05:52:34] [ INFO ] Đã tải thành công 1 lệnh!
[2025-04-16 05:52:36] [ INFO ] Đăng nhập thành công!
[2025-04-16 05:52:36] [ INFO ] Đã thiết lập các listener
[2025-04-16 05:52:36] [ INFO ] Đã tải thành công 1 lệnh!
[2025-04-16 05:52:49] [ INFO ] Đăng nhập thành công!
[2025-04-16 05:52:49] [ INFO ] Đã thiết lập các listener
[2025-04-16 05:52:49] [ INFO ] Đã tải thành công 1 lệnh!
[2025-04-16 05:53:17] [ INFO ] Đăng nhập thành công!
[2025-04-16 05:53:17] [ INFO ] Đã thiết lập các listener
[2025-04-16 05:53:18] [ INFO ] Đã tải thành công 1 lệnh!
[2025-04-16 05:54:27] [ INFO ] Đăng nhập thành công!
[2025-04-16 05:54:27] [ INFO ] Đã thiết lập các listener
[2025-04-16 05:54:27] [ INFO ] Đã tải thành công 1 lệnh!
[2025-04-16 05:55:05] [ INFO ] Đăng nhập thành công!
[2025-04-16 05:55:05] [ INFO ] Đã thiết lập các listener
[2025-04-16 05:55:05] [ INFO ] Đã tải thành công 1 lệnh!
[2025-04-16 05:55:35] [ INFO ] Đăng nhập thành công!
[2025-04-16 05:55:35] [ INFO ] Đã thiết lập các listener
[2025-04-16 05:55:35] [ INFO ] Đã tải thành công 1 lệnh!
[2025-04-16 05:56:02] [ INFO ] Đăng nhập thành công!
[2025-04-16 05:56:02] [ INFO ] Đã thiết lập các listener
[2025-04-16 05:56:02] [ INFO ] Đã tải thành công 1 lệnh!
[2025-04-16 05:56:17] [ INFO ] Đăng nhập thành công!
[2025-04-16 05:56:17] [ INFO ] Đã thiết lập các listener
[2025-04-16 05:56:17] [ INFO ] Đã tải thành công 1 lệnh!
[2025-04-16 05:56:45] [ INFO ] Đăng nhập thành công!
[2025-04-16 05:56:45] [ INFO ] Đã thiết lập các listener
[2025-04-16 05:56:45] [ INFO ] Đã tải thành công 1 lệnh!
[2025-04-16 05:56:52] [ INFO ] Đăng nhập thành công!
[2025-04-16 05:56:52] [ INFO ] Đã thiết lập các listener
[2025-04-16 05:56:52] [ INFO ] Đã tải thành công 1 lệnh!
[2025-04-16 05:57:05] [ INFO ] Đăng nhập thành công!
[2025-04-16 05:57:05] [ INFO ] Đã thiết lập các listener
[2025-04-16 05:57:05] [ INFO ] Đã tải thành công 1 lệnh!
[2025-04-16 05:57:16] [ INFO ] Đăng nhập thành công!
[2025-04-16 05:57:16] [ INFO ] Đã thiết lập các listener
[2025-04-16 05:57:16] [ INFO ] Đã tải thành công 1 lệnh!
[2025-04-16 05:57:42] [ INFO ] Đăng nhập thành công!
[2025-04-16 05:57:42] [ INFO ] Đã thiết lập các listener
[2025-04-16 05:57:42] [ INFO ] Đã tải thành công 1 lệnh!
[2025-04-16 05:58:14] [ INFO ] Đăng nhập thành công!
[2025-04-16 05:58:14] [ INFO ] Đã thiết lập các listener
[2025-04-16 05:58:14] [ INFO ] Đã tải thành công 1 lệnh!
[2025-04-16 05:58:17] [ INFO ] Đăng nhập thành công!
[2025-04-16 05:58:17] [ INFO ] Đã thiết lập các listener
[2025-04-16 05:58:17] [ INFO ] Đã tải thành công 1 lệnh!
[2025-04-16 06:00:42] [ INFO ] Đăng nhập thành công!
[2025-04-16 06:00:42] [ INFO ] Đã thiết lập các listener
[2025-04-16 06:00:42] [ INFO ] Đã tải thành công 1 lệnh!
[2025-04-16 06:06:37] [ INFO ] Đăng nhập thành công!
[2025-04-16 06:06:37] [ INFO ] Đã thiết lập các listener
[2025-04-16 06:06:37] [ INFO ] Đã tải thành công 1 lệnh!
[2025-04-16 06:07:18] [ INFO ] Đăng nhập thành công!
[2025-04-16 06:07:18] [ INFO ] Đã thiết lập các listener
[2025-04-16 06:07:18] [ INFO ] Đã tải thành công 1 lệnh!
[2025-04-16 06:07:43] [ INFO ] Đăng nhập thành công!
[2025-04-16 06:07:43] [ INFO ] Đã thiết lập các listener
[2025-04-16 06:07:43] [ INFO ] Đã tải thành công 1 lệnh!
[2025-04-16 06:08:27] [ INFO ] Đăng nhập thành công!
[2025-04-16 06:08:27] [ INFO ] Đã thiết lập các listener
[2025-04-16 06:08:27] [ INFO ] Đã tải thành công 1 lệnh!
[2025-04-16 06:09:09] [ INFO ] Đăng nhập thành công!
[2025-04-16 06:09:09] [ INFO ] Đã thiết lập các listener
[2025-04-16 06:09:09] [ INFO ] Đã tải thành công 1 lệnh!
[2025-04-16 06:09:16] [ INFO ] Đăng nhập thành công!
[2025-04-16 06:09:16] [ INFO ] Đã thiết lập các listener
[2025-04-16 06:09:16] [ INFO ] Đã tải thành công 1 lệnh!
[2025-04-16 06:09:27] [ INFO ] Đăng nhập thành công!
[2025-04-16 06:09:27] [ INFO ] Đã thiết lập các listener
[2025-04-16 06:09:27] [ INFO ] Đã tải thành công 1 lệnh!
[2025-04-16 06:10:54] [ INFO ] Đăng nhập thành công!
[2025-04-16 06:10:54] [ INFO ] Đã thiết lập các listener
[2025-04-16 06:10:54] [ INFO ] Đã tải thành công 1 lệnh!
[2025-04-16 06:11:43] [ INFO ] Đăng nhập thành công!
[2025-04-16 06:11:43] [ INFO ] Đã thiết lập các listener
[2025-04-16 06:11:43] [ INFO ] Đã tải thành công 1 lệnh!
[2025-04-16 06:59:52] [ INFO ] Đăng nhập thành công!
[2025-04-16 06:59:52] [ INFO ] Đã thiết lập các listener
[2025-04-16 06:59:52] [ INFO ] Đã tải thành công 1 lệnh!
[2025-04-16 06:59:58] [ INFO ] Đăng nhập thành công!
[2025-04-16 06:59:58] [ INFO ] Đã thiết lập các listener
[2025-04-16 06:59:58] [ INFO ] Đã tải thành công 1 lệnh!
[2025-04-16 07:01:00] [ INFO ] Đăng nhập thành công!
[2025-04-16 07:01:00] [ INFO ] Đã thiết lập các listener
[2025-04-16 07:01:00] [ INFO ] Đã tải thành công 1 lệnh!
[2025-04-16 07:01:57] [ INFO ] Đăng nhập thành công!
[2025-04-16 07:01:57] [ INFO ] Đã thiết lập các listener
[2025-04-16 07:01:57] [ INFO ] Đã tải thành công 1 lệnh!
[2025-04-16 07:03:53] [ INFO ] Đăng nhập thành công!
[2025-04-16 07:03:53] [ INFO ] Đã thiết lập các listener
[2025-04-16 07:05:02] [ INFO ] Đăng nhập thành công!
[2025-04-16 07:05:02] [ INFO ] Đã thiết lập các listener
[2025-04-16 07:05:05] [ INFO ] Đăng nhập thành công!
[2025-04-16 07:05:05] [ INFO ] Đã thiết lập các listener
[2025-04-16 07:05:17] [ INFO ] Đăng nhập thành công!
[2025-04-16 07:05:17] [ INFO ] Đã thiết lập các listener
[2025-04-16 07:05:30] [ INFO ] Đăng nhập thành công!
[2025-04-16 07:05:30] [ INFO ] Đã thiết lập các listener
[2025-04-16 07:05:37] [ INFO ] Đăng nhập thành công!
[2025-04-16 07:05:37] [ INFO ] Đã thiết lập các listener
[2025-04-16 07:05:59] [ INFO ] Đăng nhập thành công!
[2025-04-16 07:05:59] [ INFO ] Đã thiết lập các listener
[2025-04-16 07:06:49] [ INFO ] Đăng nhập thành công!
[2025-04-16 07:06:49] [ INFO ] Đã thiết lập các listener
[2025-04-16 07:06:56] [ INFO ] Đăng nhập thành công!
[2025-04-16 07:06:56] [ INFO ] Đã thiết lập các listener
[2025-04-16 07:06:59] [ INFO ] Đăng nhập thành công!
[2025-04-16 07:07:00] [ INFO ] Đã thiết lập các listener
[2025-04-16 07:07:06] [ INFO ] Đăng nhập thành công!
[2025-04-16 07:07:06] [ INFO ] Đã thiết lập các listener
[2025-04-16 07:09:11] [ ERROR ] Lỗi khi xử lý tin nhắn:
[2025-04-16 07:09:33] [ INFO ] Đăng nhập thành công!
[2025-04-16 07:09:33] [ INFO ] Đã thiết lập các listener
[2025-04-16 07:11:15] [ INFO ] Đăng nhập thành công!
[2025-04-16 07:11:15] [ INFO ] Đã thiết lập các listener
[2025-04-16 07:11:35] [ INFO ] Đăng nhập thành công!
[2025-04-16 07:11:35] [ INFO ] Đã thiết lập các listener
[2025-04-16 07:12:38] [ INFO ] Đăng nhập thành công!
[2025-04-16 07:12:38] [ INFO ] Đã thiết lập các listener
[2025-04-16 07:12:45] [ INFO ] Đăng nhập thành công!
[2025-04-16 07:12:45] [ INFO ] Đã thiết lập các listener
[2025-04-16 07:13:29] [ INFO ] Đăng nhập thành công!
[2025-04-16 07:13:29] [ INFO ] Đã thiết lập các listener
[2025-04-16 07:13:38] [ INFO ] Đăng nhập thành công!
[2025-04-16 07:13:38] [ INFO ] Đã thiết lập các listener
[2025-04-16 07:13:48] [ INFO ] Đăng nhập thành công!
[2025-04-16 07:13:48] [ INFO ] Đã thiết lập các listener
[2025-04-16 07:15:33] [ INFO ] Đăng nhập thành công!
[2025-04-16 07:15:33] [ INFO ] Đã thiết lập các listener
[2025-04-16 07:15:53] [ INFO ] Đăng nhập thành công!
[2025-04-16 07:15:53] [ INFO ] Đã thiết lập các listener
[2025-04-16 07:16:21] [ INFO ] Đăng nhập thành công!
[2025-04-16 07:16:21] [ INFO ] Đã thiết lập các listener
[2025-04-16 07:16:24] [ INFO ] Đăng nhập thành công!
[2025-04-16 07:16:24] [ INFO ] Đã thiết lập các listener
[2025-04-16 07:16:30] [ INFO ] Đăng nhập thành công!
[2025-04-16 07:16:30] [ INFO ] Đã thiết lập các listener
[2025-04-16 07:16:40] [ INFO ] Đăng nhập thành công!
[2025-04-16 07:16:40] [ INFO ] Đã thiết lập các listener
[2025-04-16 07:17:13] [ INFO ] Đăng nhập thành công!
[2025-04-16 07:17:13] [ INFO ] Đã thiết lập các listener
[2025-04-16 07:17:20] [ INFO ] Đăng nhập thành công!
[2025-04-16 07:17:20] [ INFO ] Đã thiết lập các listener
[2025-04-16 07:17:31] [ INFO ] Đăng nhập thành công!
[2025-04-16 07:17:31] [ INFO ] Đã thiết lập các listener
[2025-04-16 07:17:38] [ INFO ] Đăng nhập thành công!
[2025-04-16 07:17:38] [ INFO ] Đã thiết lập các listener
[2025-04-16 07:17:42] [ INFO ] Đăng nhập thành công!
[2025-04-16 07:17:42] [ INFO ] Đã thiết lập các listener
[2025-04-16 07:17:49] [ INFO ] Đăng nhập thành công!
[2025-04-16 07:17:49] [ INFO ] Đã thiết lập các listener
[2025-04-16 07:17:56] [ INFO ] Đăng nhập thành công!
[2025-04-16 07:17:56] [ INFO ] Đã thiết lập các listener
[2025-04-16 07:18:54] [ INFO ] Đăng nhập thành công!
[2025-04-16 07:18:54] [ INFO ] Đã thiết lập các listener
[2025-04-16 07:19:13] [ INFO ] Đăng nhập thành công!
[2025-04-16 07:19:13] [ INFO ] Đã thiết lập các listener
[2025-04-16 07:20:00] [ INFO ] Đăng nhập thành công!
[2025-04-16 07:20:00] [ INFO ] Đã thiết lập các listener
[2025-04-16 07:20:34] [ INFO ] Đăng nhập thành công!
[2025-04-16 07:20:34] [ INFO ] Đã thiết lập các listener
[2025-04-16 07:21:48] [ INFO ] Đăng nhập thành công!
[2025-04-16 07:21:48] [ INFO ] Đã thiết lập các listener
[2025-04-16 07:22:09] [ INFO ] Đăng nhập thành công!
[2025-04-16 07:22:09] [ INFO ] Đã thiết lập các listener
[2025-04-16 07:22:15] [ INFO ] Đăng nhập thành công!
[2025-04-16 07:22:15] [ INFO ] Đã thiết lập các listener
[2025-04-16 07:22:20] [ INFO ] Đăng nhập thành công!
[2025-04-16 07:22:20] [ INFO ] Đã thiết lập các listener
[2025-04-16 07:22:27] [ INFO ] Đăng nhập thành công!
[2025-04-16 07:22:27] [ INFO ] Đã thiết lập các listener
[2025-04-16 07:22:42] [ INFO ] Đăng nhập thành công!
[2025-04-16 07:22:42] [ INFO ] Đã thiết lập các listener
[2025-04-16 07:22:53] [ INFO ] Đăng nhập thành công!
[2025-04-16 07:22:53] [ INFO ] Đã thiết lập các listener
[2025-04-16 07:23:02] [ INFO ] Đăng nhập thành công!
[2025-04-16 07:23:02] [ INFO ] Đã thiết lập các listener
[2025-04-16 07:23:06] [ INFO ] Đăng nhập thành công!
[2025-04-16 07:23:06] [ INFO ] Đã thiết lập các listener
[2025-04-16 07:23:37] [ INFO ] Đăng nhập thành công!
[2025-04-16 07:23:37] [ INFO ] Đã thiết lập các listener
[2025-04-16 07:23:42] [ INFO ] Đăng nhập thành công!
[2025-04-16 07:23:42] [ INFO ] Đã thiết lập các listener
[2025-04-16 07:26:40] [ INFO ] Đăng nhập thành công!
[2025-04-16 07:26:40] [ INFO ] Đã thiết lập các listener
[2025-04-16 07:26:48] [ INFO ] Đăng nhập thành công!
[2025-04-16 07:26:48] [ INFO ] Đã thiết lập các listener
[2025-04-16 07:27:39] [ INFO ] Đăng nhập thành công!
[2025-04-16 07:27:39] [ INFO ] Đã thiết lập các listener
[2025-04-16 07:27:54] [ INFO ] Đăng nhập thành công!
[2025-04-16 07:27:54] [ INFO ] Đã thiết lập các listener
[2025-04-16 07:28:29] [ INFO ] Đăng nhập thành công!
[2025-04-16 07:28:29] [ INFO ] Đã thiết lập các listener
[2025-04-16 07:28:37] [ INFO ] Đăng nhập thành công!
[2025-04-16 07:28:37] [ INFO ] Đã thiết lập các listener
[2025-04-16 07:28:54] [ INFO ] Đăng nhập thành công!
[2025-04-16 07:28:54] [ INFO ] Đã thiết lập các listener
[2025-04-16 07:29:17] [ INFO ] Đăng nhập thành công!
[2025-04-16 07:29:17] [ INFO ] Đã thiết lập các listener
[2025-04-16 07:29:36] [ INFO ] Đăng nhập thành công!
[2025-04-16 07:29:36] [ INFO ] Đã thiết lập các listener
[2025-04-16 07:29:54] [ INFO ] Đăng nhập thành công!
[2025-04-16 07:29:54] [ INFO ] Đã thiết lập các listener
[2025-04-16 07:30:01] [ INFO ] Đăng nhập thành công!
[2025-04-16 07:30:01] [ INFO ] Đã thiết lập các listener
[2025-04-16 07:30:04] [ INFO ] Đăng nhập thành công!
[2025-04-16 07:30:04] [ INFO ] Đã thiết lập các listener
[2025-04-16 07:30:38] [ INFO ] Đăng nhập thành công!
[2025-04-16 07:30:38] [ INFO ] Đã thiết lập các listener
[2025-04-16 07:30:41] [ INFO ] Đăng nhập thành công!
[2025-04-16 07:30:41] [ INFO ] Đã thiết lập các listener
[2025-04-16 07:31:17] [ INFO ] Đã thiết lập các listener
[2025-04-16 07:32:39] [ INFO ] Đã thiết lập các listener
[2025-04-16 07:33:24] [ INFO ] Đã thiết lập các listener
[2025-04-16 07:33:50] [ INFO ] Đã thiết lập các listener
[2025-04-16 07:33:58] [ INFO ] Đã thiết lập các listener
[2025-04-16 07:35:43] [ INFO ] Đã thiết lập các listener
[2025-04-16 07:37:13] [ INFO ] Đã thiết lập các listener
[2025-04-16 07:37:30] [ INFO ] Đã thiết lập các listener
[2025-04-16 07:39:05] [ ERROR ] Đăng nhập thất bại!
[2025-04-16 07:39:05] [ INFO ] Đã thiết lập các listener
[2025-04-16 07:39:49] [ ERROR ] Đăng nhập thất bại!
[2025-04-16 07:39:49] [ INFO ] Đã thiết lập các listener
[2025-04-16 07:39:51] [ ERROR ] Đăng nhập thất bại!
[2025-04-16 07:39:51] [ INFO ] Đã thiết lập các listener
[2025-04-16 07:40:11] [ ERROR ] Đăng nhập thất bại!
[2025-04-16 07:40:11] [ INFO ] Đã thiết lập các listener
[2025-04-16 07:40:22] [ ERROR ] Đăng nhập thất bại!
[2025-04-16 07:40:22] [ INFO ] Đã thiết lập các listener
[2025-04-16 07:41:26] [ ERROR ] Đăng nhập thất bại!
[2025-04-16 07:41:26] [ INFO ] Đã thiết lập các listener
[2025-04-16 07:41:59] [ ERROR ] Đăng nhập thất bại!
[2025-04-16 07:41:59] [ INFO ] Đã thiết lập các listener
[2025-04-16 07:43:47] [ ERROR ] Đăng nhập thất bại!
[2025-04-16 07:43:47] [ INFO ] Đã thiết lập các listener
[2025-04-16 07:43:49] [ ERROR ] Đăng nhập thất bại!
[2025-04-16 07:43:49] [ INFO ] Đã thiết lập các listener
[2025-04-16 07:44:01] [ INFO ] Đã thiết lập các listener
[2025-04-16 07:44:13] [ INFO ] Đã thiết lập các listener
[2025-04-16 07:44:36] [ INFO ] Đã thiết lập các listener
[2025-04-16 07:44:41] [ INFO ] Đã thiết lập các listener
[2025-04-16 07:44:43] [ INFO ] Đã thiết lập các listener
[2025-04-16 07:45:00] [ INFO ] Đã thiết lập các listener
[2025-04-16 07:45:09] [ INFO ] Đã thiết lập các listener
[2025-04-16 07:45:32] [ INFO ] Đã thiết lập các listener
[2025-04-16 07:46:33] [ INFO ] Đã thiết lập các listener
[2025-04-16 07:46:57] [ INFO ] Đã thiết lập các listener
[2025-04-16 07:47:05] [ INFO ] Đã thiết lập các listener
[2025-04-16 07:47:08] [ INFO ] Đã thiết lập các listener
[2025-04-16 07:47:16] [ INFO ] Đã thiết lập các listener
[2025-04-16 07:47:18] [ INFO ] Đã thiết lập các listener
[2025-04-16 07:47:27] [ INFO ] Đã thiết lập các listener
[2025-04-16 07:50:20] [ ERROR ] Lỗi khi khởi động bot:
[2025-04-16 09:02:25] [ ERROR ] Lỗi khi xử lý tin nhắn:
[2025-04-16 09:02:26] [ ERROR ] Lỗi khi xử lý tin nhắn:
[2025-04-16 09:02:26] [ ERROR ] Lỗi khi xử lý tin nhắn:
[2025-04-16 09:03:05] [ ERROR ] Lỗi khi xử lý tin nhắn:
[2025-04-16 09:03:45] [ ERROR ] Lỗi khi xử lý tin nhắn:
[2025-04-16 09:04:28] [ ERROR ] Lỗi khi xử lý tin nhắn:
[2025-04-16 09:05:45] [ ERROR ] Lỗi khi xử lý tin nhắn: TypeError: Cannot read properties of undefined (reading 'debug')
[2025-04-16 09:07:18] [ ERROR ] Lỗi khi xử lý tin nhắn: TypeError: Cannot read properties of undefined (reading 'error')
[2025-04-16 09:07:24] [ ERROR ] Lỗi khi xử lý tin nhắn: TypeError: Cannot read properties of undefined (reading 'error')
